# JRE version: Java(TM) SE Runtime Environment (8.0_421) (build 1.8.0_421-b09)
# Java VM: Java HotSpot(TM) 64-Bit Server VM (25.421-b09 mixed mode windows-amd64 compressed oops)
Heap:
 PSYoungGen      total 18944K, used 7394K [0x00000000f0000000, 0x00000000f1500000, 0x0000000100000000)
  eden space 16384K, 29% used [0x00000000f0000000,0x00000000f04bf8c8,0x00000000f1000000)
  from space 2560K, 98% used [0x00000000f1280000,0x00000000f14f9100,0x00000000f1500000)
  to   space 2560K, 0% used [0x00000000f1000000,0x00000000f1000000,0x00000000f1280000)
 ParOldGen       total 28672K, used 625K [0x00000000d0000000, 0x00000000d1c00000, 0x00000000f0000000)
  object space 28672K, 2% used [0x00000000d0000000,0x00000000d009c530,0x00000000d1c00000)
 Metaspace       used 8290K, capacity 8464K, committed 8832K, reserved 1060864K
  class space    used 940K, capacity 1032K, committed 1152K, reserved 1048576K
GC Heap History (6 events):
Event: 0.247 GC heap before
{Heap before GC invocations=1 (full 0):
 PSYoungGen      total 18944K, used 1310K [0x00000000f0000000, 0x00000000f1500000, 0x0000000100000000)
  eden space 16384K, 8% used [0x00000000f0000000,0x00000000f0147b98,0x00000000f1000000)
  from space 2560K, 0% used [0x00000000f1280000,0x00000000f1280000,0x00000000f1500000)
  to   space 2560K, 0% used [0x00000000f1000000,0x00000000f1000000,0x00000000f1280000)
 ParOldGen       total 44032K, used 0K [0x00000000d0000000, 0x00000000d2b00000, 0x00000000f0000000)
  object space 44032K, 0% used [0x00000000d0000000,0x00000000d0000000,0x00000000d2b00000)
 Metaspace       used 2530K, capacity 4480K, committed 4480K, reserved 1062912K
  class space    used 282K, capacity 384K, committed 384K, reserved 1048576K
Event: 0.248 GC heap after
Heap after GC invocations=1 (full 0):
 PSYoungGen      total 18944K, used 448K [0x00000000f0000000, 0x00000000f1500000, 0x0000000100000000)
  eden space 16384K, 0% used [0x00000000f0000000,0x00000000f0000000,0x00000000f1000000)
  from space 2560K, 17% used [0x00000000f1000000,0x00000000f1070000,0x00000000f1280000)
  to   space 2560K, 0% used [0x00000000f1280000,0x00000000f1280000,0x00000000f1500000)
 ParOldGen       total 44032K, used 8K [0x00000000d0000000, 0x00000000d2b00000, 0x00000000f0000000)
  object space 44032K, 0% used [0x00000000d0000000,0x00000000d0002000,0x00000000d2b00000)
 Metaspace       used 2530K, capacity 4480K, committed 4480K, reserved 1062912K
  class space    used 282K, capacity 384K, committed 384K, reserved 1048576K
}
Event: 0.248 GC heap before
{Heap before GC invocations=2 (full 1):
 PSYoungGen      total 18944K, used 448K [0x00000000f0000000, 0x00000000f1500000, 0x0000000100000000)
  eden space 16384K, 0% used [0x00000000f0000000,0x00000000f0000000,0x00000000f1000000)
  from space 2560K, 17% used [0x00000000f1000000,0x00000000f1070000,0x00000000f1280000)
  to   space 2560K, 0% used [0x00000000f1280000,0x00000000f1280000,0x00000000f1500000)
 ParOldGen       total 44032K, used 8K [0x00000000d0000000, 0x00000000d2b00000, 0x00000000f0000000)
  object space 44032K, 0% used [0x00000000d0000000,0x00000000d0002000,0x00000000d2b00000)
 Metaspace       used 2530K, capacity 4480K, committed 4480K, reserved 1062912K
  class space    used 282K, capacity 384K, committed 384K, reserved 1048576K
Event: 0.253 GC heap after
Heap after GC invocations=2 (full 1):
 PSYoungGen      total 18944K, used 0K [0x00000000f0000000, 0x00000000f1500000, 0x0000000100000000)
  eden space 16384K, 0% used [0x00000000f0000000,0x00000000f0000000,0x00000000f1000000)
  from space 2560K, 0% used [0x00000000f1000000,0x00000000f1000000,0x00000000f1280000)
  to   space 2560K, 0% used [0x00000000f1280000,0x00000000f1280000,0x00000000f1500000)
 ParOldGen       total 28672K, used 367K [0x00000000d0000000, 0x00000000d1c00000, 0x00000000f0000000)
  object space 28672K, 1% used [0x00000000d0000000,0x00000000d005bd38,0x00000000d1c00000)
 Metaspace       used 2530K, capacity 4480K, committed 4480K, reserved 1058816K
  class space    used 282K, capacity 384K, committed 384K, reserved 1048576K
}
Event: 1.321 GC heap before
{Heap before GC invocations=3 (full 1):
 PSYoungGen      total 18944K, used 16384K [0x00000000f0000000, 0x00000000f1500000, 0x0000000100000000)
  eden space 16384K, 100% used [0x00000000f0000000,0x00000000f1000000,0x00000000f1000000)
  from space 2560K, 0% used [0x00000000f1000000,0x00000000f1000000,0x00000000f1280000)
  to   space 2560K, 0% used [0x00000000f1280000,0x00000000f1280000,0x00000000f1500000)
 ParOldGen       total 28672K, used 367K [0x00000000d0000000, 0x00000000d1c00000, 0x00000000f0000000)
  object space 28672K, 1% used [0x00000000d0000000,0x00000000d005bd38,0x00000000d1c00000)
 Metaspace       used 8286K, capacity 8464K, committed 8832K, reserved 1060864K
  class space    used 940K, capacity 1032K, committed 1152K, reserved 1048576K
Event: 1.326 GC heap after
Heap after GC invocations=3 (full 1):
 PSYoungGen      total 18944K, used 2532K [0x00000000f0000000, 0x00000000f1500000, 0x0000000100000000)
  eden space 16384K, 0% used [0x00000000f0000000,0x00000000f0000000,0x00000000f1000000)
  from space 2560K, 98% used [0x00000000f1280000,0x00000000f14f9100,0x00000000f1500000)
  to   space 2560K, 0% used [0x00000000f1000000,0x00000000f1000000,0x00000000f1280000)
 ParOldGen       total 28672K, used 625K [0x00000000d0000000, 0x00000000d1c00000, 0x00000000f0000000)
  object space 28672K, 2% used [0x00000000d0000000,0x00000000d009c530,0x00000000d1c00000)
 Metaspace       used 8286K, capacity 8464K, committed 8832K, reserved 1060864K
  class space    used 940K, capacity 1032K, committed 1152K, reserved 1048576K
}

